<?xml version="1.0" encoding="UTF-8"?>
<testng-results skipped="0" failed="0" ignored="0" total="1" passed="1">
  <reporter-output>
  </reporter-output>
  <suite name="Default suite" duration-ms="15289" started-at="2019-01-09T10:27:55Z" finished-at="2019-01-09T10:28:10Z">
    <groups>
    </groups>
    <test name="Default test" duration-ms="15289" started-at="2019-01-09T10:27:55Z" finished-at="2019-01-09T10:28:10Z">
      <class name="com.training.sanity.tests.loginasAdmin">
        <test-method status="PASS" signature="setUpBeforeClass()[pri:0, instance:com.training.sanity.tests.loginasAdmin@47c62251]" name="setUpBeforeClass" is-config="true" duration-ms="10" started-at="2019-01-09T10:27:55Z" finished-at="2019-01-09T10:27:55Z">
          <reporter-output>
          </reporter-output>
        </test-method> <!-- setUpBeforeClass -->
        <test-method status="PASS" signature="setUp()[pri:0, instance:com.training.sanity.tests.loginasAdmin@47c62251]" name="setUp" is-config="true" duration-ms="8617" started-at="2019-01-09T10:27:55Z" finished-at="2019-01-09T10:28:03Z">
          <reporter-output>
          </reporter-output>
        </test-method> <!-- setUp -->
        <test-method status="PASS" signature="validloginasAdmin()[pri:0, instance:com.training.sanity.tests.loginasAdmin@47c62251]" name="validloginasAdmin" duration-ms="4777" started-at="2019-01-09T10:28:03Z" finished-at="2019-01-09T10:28:08Z">
          <reporter-output>
          </reporter-output>
        </test-method> <!-- validloginasAdmin -->
        <test-method status="PASS" signature="tearDown()[pri:0, instance:com.training.sanity.tests.loginasAdmin@47c62251]" name="tearDown" is-config="true" duration-ms="1863" started-at="2019-01-09T10:28:08Z" finished-at="2019-01-09T10:28:10Z">
          <reporter-output>
          </reporter-output>
        </test-method> <!-- tearDown -->
      </class> <!-- com.training.sanity.tests.loginasAdmin -->
    </test> <!-- Default test -->
  </suite> <!-- Default suite -->
</testng-results>
